<?xml version="1.0" encoding="UTF-8"?>
<testng-results ignored="0" total="1" passed="1" failed="0" skipped="0">
  <reporter-output>
  </reporter-output>
  <suite started-at="2022-10-02T21:55:42 ICT" name="Default suite" finished-at="2022-10-02T21:56:15 ICT" duration-ms="32223">
    <groups>
      <group name="cucumber">
        <method signature="AbstractTestNGCucumberTests.runScenario(io.cucumber.testng.PickleWrapper,io.cucumber.testng.FeatureWrapper)[pri:0, instance:Runner.RunnerTest$run@26e356f0]" name="runScenario" class="io.cucumber.testng.AbstractTestNGCucumberTests"/>
      </group> <!-- cucumber -->
    </groups>
    <test started-at="2022-10-02T21:55:42 ICT" name="Default test" finished-at="2022-10-02T21:56:15 ICT" duration-ms="32223">
      <class name="Runner.RunnerTest$run">
        <test-method is-config="true" signature="setUpClass(org.testng.ITestContext)[pri:0, instance:Runner.RunnerTest$run@26e356f0]" started-at="2022-10-02T21:55:43 ICT" name="setUpClass" finished-at="2022-10-02T21:55:43 ICT" duration-ms="852" status="PASS">
          <params>
            <param index="0">
              <value>
                <![CDATA[org.testng.TestRunner@7a4d582c]]>
              </value>
            </param>
          </params>
          <reporter-output>
          </reporter-output>
        </test-method> <!-- setUpClass -->
        <test-method signature="runScenario(io.cucumber.testng.PickleWrapper,io.cucumber.testng.FeatureWrapper)[pri:0, instance:Runner.RunnerTest$run@26e356f0]" started-at="2022-10-02T21:55:43 ICT" name="runScenario" description="Runs Cucumber Scenarios" data-provider="scenarios" finished-at="2022-10-02T21:56:15 ICT" duration-ms="31220" status="PASS">
          <params>
            <param index="0">
              <value>
                <![CDATA["Succesfully login to Cilsy"]]>
              </value>
            </param>
            <param index="1">
              <value>
                <![CDATA["Optional[Board Feature]"]]>
              </value>
            </param>
          </params>
          <reporter-output>
          </reporter-output>
        </test-method> <!-- runScenario -->
        <test-method is-config="true" signature="tearDownClass()[pri:0, instance:Runner.RunnerTest$run@26e356f0]" started-at="2022-10-02T21:56:15 ICT" name="tearDownClass" finished-at="2022-10-02T21:56:15 ICT" duration-ms="84" status="PASS">
          <reporter-output>
          </reporter-output>
        </test-method> <!-- tearDownClass -->
      </class> <!-- Runner.RunnerTest$run -->
    </test> <!-- Default test -->
  </suite> <!-- Default suite -->
</testng-results>
